<html>
<body>
<pre>
<h1>Vision Build Log</h1>
<h2>Project:</h2>
D:\定位系统资料\GPS扩展资料\GPS扩展资料\GPS+GSM配合\STM32\Project\STM32F103.uvproj
Project File Date:  02/08/2016

<h2>Output:</h2>
Build target 'Target 1'
compiling main.c...
linking...
Program Size: Code=10304 RO-data=336 RW-data=72 ZI-data=2768  
FromELF: creating hex file...
"..\Hex\stm32.axf" - 0 Error(s), 0 Warning(s).
Load "..\\Hex\\stm32.AXF" 
Build target 'Target 1'
compiling main.c...
compiling usart1.c...
..\code\usart1.c(134): warning:  #223-D: function "sprintf" declared implicitly
linking...
Program Size: Code=10304 RO-data=336 RW-data=72 ZI-data=2768  
FromELF: creating hex file...
"..\Hex\stm32.axf" - 0 Error(s), 1 Warning(s).
Load "..\\Hex\\stm32.AXF" 
Build target 'Target 1'
compiling main.c...
linking...
Program Size: Code=10312 RO-data=336 RW-data=72 ZI-data=2768  
FromELF: creating hex file...
"..\Hex\stm32.axf" - 0 Error(s), 0 Warning(s).
Load "..\\Hex\\stm32.AXF" 
Rebuild target 'Target 1'
compiling main.c...
compiling stm32_it.c...
compiling delay.c...
compiling gps.c...
compiling usart2.c...
compiling usart1.c...
..\code\usart1.c(134): warning:  #223-D: function "sprintf" declared implicitly
compiling core_cm3.c...
compiling system_stm32f10x.c...
compiling misc.c...
compiling stm32f10x_adc.c...
compiling stm32f10x_bkp.c...
compiling stm32f10x_can.c...
compiling stm32f10x_cec.c...
compiling stm32f10x_crc.c...
compiling stm32f10x_dac.c...
compiling stm32f10x_dbgmcu.c...
compiling stm32f10x_dma.c...
compiling stm32f10x_exti.c...
compiling stm32f10x_flash.c...
compiling stm32f10x_fsmc.c...
compiling stm32f10x_gpio.c...
compiling stm32f10x_i2c.c...
compiling stm32f10x_iwdg.c...
compiling stm32f10x_pwr.c...
compiling stm32f10x_rcc.c...
compiling stm32f10x_rtc.c...
compiling stm32f10x_sdio.c...
compiling stm32f10x_spi.c...
compiling stm32f10x_tim.c...
compiling stm32f10x_usart.c...
compiling stm32f10x_wwdg.c...
assembling startup_stm32f10x_hd.s...
linking...
Program Size: Code=10308 RO-data=336 RW-data=72 ZI-data=2768  
FromELF: creating hex file...
"..\Hex\stm32.axf" - 0 Error(s), 1 Warning(s).
Build target 'Target 1'
compiling main.c...
linking...
Program Size: Code=10320 RO-data=336 RW-data=72 ZI-data=2768  
FromELF: creating hex file...
"..\Hex\stm32.axf" - 0 Error(s), 0 Warning(s).
Load "..\\Hex\\stm32.AXF" 
Build target 'Target 1'
linking...
Program Size: Code=10320 RO-data=336 RW-data=72 ZI-data=2768  
FromELF: creating hex file...
"..\Hex\stm32.axf" - 0 Error(s), 0 Warning(s).
Load "..\\Hex\\stm32.AXF" 
Rebuild target 'Target 1'
compiling main.c...
compiling stm32_it.c...
compiling delay.c...
compiling gps.c...
compiling usart2.c...
compiling usart1.c...
..\code\usart1.c(134): warning:  #223-D: function "sprintf" declared implicitly
compiling core_cm3.c...
compiling system_stm32f10x.c...
compiling misc.c...
compiling stm32f10x_adc.c...
compiling stm32f10x_bkp.c...
compiling stm32f10x_can.c...
compiling stm32f10x_cec.c...
compiling stm32f10x_crc.c...
compiling stm32f10x_dac.c...
compiling stm32f10x_dbgmcu.c...
compiling stm32f10x_dma.c...
compiling stm32f10x_exti.c...
compiling stm32f10x_flash.c...
compiling stm32f10x_fsmc.c...
compiling stm32f10x_gpio.c...
compiling stm32f10x_i2c.c...
compiling stm32f10x_iwdg.c...
compiling stm32f10x_pwr.c...
compiling stm32f10x_rcc.c...
compiling stm32f10x_rtc.c...
compiling stm32f10x_sdio.c...
compiling stm32f10x_spi.c...
compiling stm32f10x_tim.c...
compiling stm32f10x_usart.c...
compiling stm32f10x_wwdg.c...
assembling startup_stm32f10x_hd.s...
linking...
Program Size: Code=10320 RO-data=336 RW-data=72 ZI-data=2768  
FromELF: creating hex file...
"..\Hex\stm32.axf" - 0 Error(s), 1 Warning(s).
Load "..\\Hex\\stm32.AXF" 
Rebuild target 'Target 1'
compiling main.c...
..\code\main.c(122): error:  #29: expected an expression
..\code\main.c(126): warning:  #12-D: parsing restarts here after previous syntax error
compiling stm32_it.c...
compiling delay.c...
compiling gps.c...
compiling usart2.c...
compiling usart1.c...
..\code\usart1.c(134): warning:  #223-D: function "sprintf" declared implicitly
compiling core_cm3.c...
compiling system_stm32f10x.c...
compiling misc.c...
compiling stm32f10x_adc.c...
compiling stm32f10x_bkp.c...
compiling stm32f10x_can.c...
compiling stm32f10x_cec.c...
compiling stm32f10x_crc.c...
compiling stm32f10x_dac.c...
compiling stm32f10x_dbgmcu.c...
compiling stm32f10x_dma.c...
compiling stm32f10x_exti.c...
compiling stm32f10x_flash.c...
compiling stm32f10x_fsmc.c...
compiling stm32f10x_gpio.c...
compiling stm32f10x_i2c.c...
compiling stm32f10x_iwdg.c...
compiling stm32f10x_pwr.c...
compiling stm32f10x_rcc.c...
compiling stm32f10x_rtc.c...
compiling stm32f10x_sdio.c...
compiling stm32f10x_spi.c...
compiling stm32f10x_tim.c...
compiling stm32f10x_usart.c...
compiling stm32f10x_wwdg.c...
assembling startup_stm32f10x_hd.s...
Target not created
Build target 'Target 1'
compiling main.c...
..\code\main.c(122): error:  #29: expected an expression
..\code\main.c(126): warning:  #12-D: parsing restarts here after previous syntax error
Target not created
Build target 'Target 1'
compiling main.c...
linking...
Program Size: Code=10664 RO-data=336 RW-data=72 ZI-data=2768  
FromELF: creating hex file...
"..\Hex\stm32.axf" - 0 Error(s), 0 Warning(s).
Load "..\\Hex\\stm32.AXF" 
Rebuild target 'Target 1'
compiling main.c...
compiling stm32_it.c...
compiling delay.c...
compiling gps.c...
compiling usart2.c...
compiling usart1.c...
..\code\usart1.c(134): warning:  #223-D: function "sprintf" declared implicitly
compiling core_cm3.c...
compiling system_stm32f10x.c...
compiling misc.c...
compiling stm32f10x_adc.c...
compiling stm32f10x_bkp.c...
compiling stm32f10x_can.c...
compiling stm32f10x_cec.c...
compiling stm32f10x_crc.c...
compiling stm32f10x_dac.c...
compiling stm32f10x_dbgmcu.c...
compiling stm32f10x_dma.c...
compiling stm32f10x_exti.c...
compiling stm32f10x_flash.c...
compiling stm32f10x_fsmc.c...
compiling stm32f10x_gpio.c...
compiling stm32f10x_i2c.c...
compiling stm32f10x_iwdg.c...
compiling stm32f10x_pwr.c...
compiling stm32f10x_rcc.c...
compiling stm32f10x_rtc.c...
compiling stm32f10x_sdio.c...
compiling stm32f10x_spi.c...
compiling stm32f10x_tim.c...
compiling stm32f10x_usart.c...
compiling stm32f10x_wwdg.c...
assembling startup_stm32f10x_hd.s...
linking...
Program Size: Code=10664 RO-data=336 RW-data=72 ZI-data=2768  
FromELF: creating hex file...
"..\Hex\stm32.axf" - 0 Error(s), 1 Warning(s).
Load "..\\Hex\\stm32.AXF" 
Load "..\\Hex\\stm32.AXF" 
compiling main.c...
..\code\main.c - 0 Error(s), 0 Warning(s).
Load "..\\Hex\\stm32.AXF" 
Build target 'Target 1'
compiling main.c...
linking...
Program Size: Code=10652 RO-data=336 RW-data=72 ZI-data=2768  
FromELF: creating hex file...
"..\Hex\stm32.axf" - 0 Error(s), 0 Warning(s).
Rebuild target 'Target 1'
compiling main.c...
compiling stm32_it.c...
compiling delay.c...
compiling gps.c...
compiling usart2.c...
compiling usart1.c...
..\code\usart1.c(134): warning:  #223-D: function "sprintf" declared implicitly
compiling core_cm3.c...
compiling system_stm32f10x.c...
compiling misc.c...
compiling stm32f10x_adc.c...
compiling stm32f10x_bkp.c...
compiling stm32f10x_can.c...
compiling stm32f10x_cec.c...
compiling stm32f10x_crc.c...
compiling stm32f10x_dac.c...
compiling stm32f10x_dbgmcu.c...
compiling stm32f10x_dma.c...
compiling stm32f10x_exti.c...
compiling stm32f10x_flash.c...
compiling stm32f10x_fsmc.c...
compiling stm32f10x_gpio.c...
compiling stm32f10x_i2c.c...
compiling stm32f10x_iwdg.c...
compiling stm32f10x_pwr.c...
compiling stm32f10x_rcc.c...
compiling stm32f10x_rtc.c...
compiling stm32f10x_sdio.c...
compiling stm32f10x_spi.c...
compiling stm32f10x_tim.c...
compiling stm32f10x_usart.c...
compiling stm32f10x_wwdg.c...
assembling startup_stm32f10x_hd.s...
linking...
Program Size: Code=10652 RO-data=336 RW-data=72 ZI-data=2768  
FromELF: creating hex file...
"..\Hex\stm32.axf" - 0 Error(s), 1 Warning(s).
Load "..\\Hex\\stm32.AXF" 
Rebuild target 'Target 1'
compiling main.c...
compiling stm32_it.c...
compiling delay.c...
compiling gps.c...
compiling usart2.c...
compiling usart1.c...
..\code\usart1.c(134): warning:  #223-D: function "sprintf" declared implicitly
compiling core_cm3.c...
compiling system_stm32f10x.c...
compiling misc.c...
compiling stm32f10x_adc.c...
compiling stm32f10x_bkp.c...
compiling stm32f10x_can.c...
compiling stm32f10x_cec.c...
compiling stm32f10x_crc.c...
compiling stm32f10x_dac.c...
compiling stm32f10x_dbgmcu.c...
compiling stm32f10x_dma.c...
compiling stm32f10x_exti.c...
compiling stm32f10x_flash.c...
compiling stm32f10x_fsmc.c...
compiling stm32f10x_gpio.c...
compiling stm32f10x_i2c.c...
compiling stm32f10x_iwdg.c...
compiling stm32f10x_pwr.c...
compiling stm32f10x_rcc.c...
compiling stm32f10x_rtc.c...
compiling stm32f10x_sdio.c...
compiling stm32f10x_spi.c...
compiling stm32f10x_tim.c...
compiling stm32f10x_usart.c...
compiling stm32f10x_wwdg.c...
assembling startup_stm32f10x_hd.s...
linking...
Program Size: Code=10652 RO-data=336 RW-data=72 ZI-data=2768  
FromELF: creating hex file...
"..\Hex\stm32.axf" - 0 Error(s), 1 Warning(s).
Rebuild target 'Target 1'
compiling main.c...
compiling stm32_it.c...
compiling delay.c...
compiling gps.c...
compiling usart2.c...
compiling usart1.c...
..\code\usart1.c(134): warning:  #223-D: function "sprintf" declared implicitly
compiling core_cm3.c...
compiling system_stm32f10x.c...
compiling misc.c...
compiling stm32f10x_adc.c...
compiling stm32f10x_bkp.c...
compiling stm32f10x_can.c...
compiling stm32f10x_cec.c...
compiling stm32f10x_crc.c...
compiling stm32f10x_dac.c...
compiling stm32f10x_dbgmcu.c...
compiling stm32f10x_dma.c...
compiling stm32f10x_exti.c...
compiling stm32f10x_flash.c...
compiling stm32f10x_fsmc.c...
compiling stm32f10x_gpio.c...
compiling stm32f10x_i2c.c...
compiling stm32f10x_iwdg.c...
compiling stm32f10x_pwr.c...
compiling stm32f10x_rcc.c...
compiling stm32f10x_rtc.c...
compiling stm32f10x_sdio.c...
compiling stm32f10x_spi.c...
compiling stm32f10x_tim.c...
compiling stm32f10x_usart.c...
compiling stm32f10x_wwdg.c...
assembling startup_stm32f10x_hd.s...
linking...
Program Size: Code=10660 RO-data=336 RW-data=72 ZI-data=2768  
FromELF: creating hex file...
"..\Hex\stm32.axf" - 0 Error(s), 1 Warning(s).
Load "..\\Hex\\stm32.AXF" 
Rebuild target 'Target 1'
compiling main.c...
compiling stm32_it.c...
compiling delay.c...
compiling gps.c...
compiling usart2.c...
compiling usart1.c...
..\code\usart1.c(134): warning:  #223-D: function "sprintf" declared implicitly
compiling core_cm3.c...
compiling system_stm32f10x.c...
compiling misc.c...
compiling stm32f10x_adc.c...
compiling stm32f10x_bkp.c...
compiling stm32f10x_can.c...
compiling stm32f10x_cec.c...
compiling stm32f10x_crc.c...
compiling stm32f10x_dac.c...
compiling stm32f10x_dbgmcu.c...
compiling stm32f10x_dma.c...
compiling stm32f10x_exti.c...
compiling stm32f10x_flash.c...
compiling stm32f10x_fsmc.c...
compiling stm32f10x_gpio.c...
compiling stm32f10x_i2c.c...
compiling stm32f10x_iwdg.c...
compiling stm32f10x_pwr.c...
compiling stm32f10x_rcc.c...
compiling stm32f10x_rtc.c...
compiling stm32f10x_sdio.c...
compiling stm32f10x_spi.c...
compiling stm32f10x_tim.c...
compiling stm32f10x_usart.c...
compiling stm32f10x_wwdg.c...
assembling startup_stm32f10x_hd.s...
linking...
Program Size: Code=10656 RO-data=336 RW-data=72 ZI-data=2768  
FromELF: creating hex file...
"..\Hex\stm32.axf" - 0 Error(s), 1 Warning(s).
Load "..\\Hex\\stm32.AXF" 
Rebuild target 'Target 1'
compiling main.c...
compiling stm32_it.c...
compiling delay.c...
compiling gps.c...
compiling usart2.c...
compiling usart1.c...
..\code\usart1.c(134): warning:  #223-D: function "sprintf" declared implicitly
compiling core_cm3.c...
compiling system_stm32f10x.c...
compiling misc.c...
compiling stm32f10x_adc.c...
compiling stm32f10x_bkp.c...
compiling stm32f10x_can.c...
compiling stm32f10x_cec.c...
compiling stm32f10x_crc.c...
compiling stm32f10x_dac.c...
compiling stm32f10x_dbgmcu.c...
compiling stm32f10x_dma.c...
compiling stm32f10x_exti.c...
compiling stm32f10x_flash.c...
compiling stm32f10x_fsmc.c...
compiling stm32f10x_gpio.c...
compiling stm32f10x_i2c.c...
compiling stm32f10x_iwdg.c...
compiling stm32f10x_pwr.c...
compiling stm32f10x_rcc.c...
compiling stm32f10x_rtc.c...
compiling stm32f10x_sdio.c...
compiling stm32f10x_spi.c...
compiling stm32f10x_tim.c...
compiling stm32f10x_usart.c...
compiling stm32f10x_wwdg.c...
assembling startup_stm32f10x_hd.s...
linking...
Program Size: Code=10668 RO-data=336 RW-data=72 ZI-data=2768  
FromELF: creating hex file...
"..\Hex\stm32.axf" - 0 Error(s), 1 Warning(s).
Load "..\\Hex\\stm32.AXF" 
Rebuild target 'Target 1'
compiling main.c...
..\code\main.c(46): error:  #18: expected a ")"
..\code\main.c(34): warning:  #550-D: variable "la" was set but never used
..\code\main.c(34): warning:  #550-D: variable "lo" was set but never used
compiling stm32_it.c...
compiling delay.c...
compiling gps.c...
compiling usart2.c...
compiling usart1.c...
..\code\usart1.c(134): warning:  #223-D: function "sprintf" declared implicitly
compiling core_cm3.c...
compiling system_stm32f10x.c...
compiling misc.c...
compiling stm32f10x_adc.c...
compiling stm32f10x_bkp.c...
compiling stm32f10x_can.c...
compiling stm32f10x_cec.c...
compiling stm32f10x_crc.c...
compiling stm32f10x_dac.c...
compiling stm32f10x_dbgmcu.c...
compiling stm32f10x_dma.c...
compiling stm32f10x_exti.c...
compiling stm32f10x_flash.c...
compiling stm32f10x_fsmc.c...
compiling stm32f10x_gpio.c...
compiling stm32f10x_i2c.c...
compiling stm32f10x_iwdg.c...
compiling stm32f10x_pwr.c...
compiling stm32f10x_rcc.c...
compiling stm32f10x_rtc.c...
compiling stm32f10x_sdio.c...
compiling stm32f10x_spi.c...
compiling stm32f10x_tim.c...
compiling stm32f10x_usart.c...
compiling stm32f10x_wwdg.c...
assembling startup_stm32f10x_hd.s...
Target not created
Build target 'Target 1'
compiling main.c...
..\code\main.c(46): error:  #18: expected a ")"
..\code\main.c(34): warning:  #550-D: variable "la" was set but never used
..\code\main.c(34): warning:  #550-D: variable "lo" was set but never used
Target not created
Rebuild target 'Target 1'
compiling main.c...
..\code\main.c(46): warning:  #192-D: unrecognized character escape sequence
..\code\main.c(46): error:  #7: unrecognized token
..\code\main.c(46): error:  #29: expected an expression
..\code\main.c(46): warning:  #181-D: argument is incompatible with corresponding format string conversion
..\code\main.c(46): warning:  #225-D: the format string ends before this argument
compiling stm32_it.c...
compiling delay.c...
compiling gps.c...
compiling usart2.c...
compiling usart1.c...
..\code\usart1.c(134): warning:  #223-D: function "sprintf" declared implicitly
compiling core_cm3.c...
compiling system_stm32f10x.c...
compiling misc.c...
compiling stm32f10x_adc.c...
compiling stm32f10x_bkp.c...
compiling stm32f10x_can.c...
compiling stm32f10x_cec.c...
compiling stm32f10x_crc.c...
compiling stm32f10x_dac.c...
compiling stm32f10x_dbgmcu.c...
compiling stm32f10x_dma.c...
compiling stm32f10x_exti.c...
compiling stm32f10x_flash.c...
compiling stm32f10x_fsmc.c...
compiling stm32f10x_gpio.c...
compiling stm32f10x_i2c.c...
compiling stm32f10x_iwdg.c...
compiling stm32f10x_pwr.c...
compiling stm32f10x_rcc.c...
compiling stm32f10x_rtc.c...
compiling stm32f10x_sdio.c...
compiling stm32f10x_spi.c...
compiling stm32f10x_tim.c...
compiling stm32f10x_usart.c...
compiling stm32f10x_wwdg.c...
assembling startup_stm32f10x_hd.s...
Target not created
Build target 'Target 1'
compiling main.c...
..\code\main.c(46): warning:  #192-D: unrecognized character escape sequence
..\code\main.c(46): error:  #7: unrecognized token
..\code\main.c(46): error:  #29: expected an expression
..\code\main.c(46): warning:  #181-D: argument is incompatible with corresponding format string conversion
..\code\main.c(46): warning:  #225-D: the format string ends before this argument
Target not created
Build target 'Target 1'
compiling main.c...
..\code\main.c(46): error:  #7: unrecognized token
..\code\main.c(46): error:  #29: expected an expression
..\code\main.c(46): warning:  #181-D: argument is incompatible with corresponding format string conversion
..\code\main.c(46): warning:  #225-D: the format string ends before this argument
Target not created
Build target 'Target 1'
compiling main.c...
..\code\main.c(46): warning:  #192-D: unrecognized character escape sequence
..\code\main.c(46): error:  #7: unrecognized token
..\code\main.c(46): error:  #29: expected an expression
..\code\main.c(46): warning:  #192-D: unrecognized character escape sequence
..\code\main.c(46): warning:  #181-D: argument is incompatible with corresponding format string conversion
..\code\main.c(46): warning:  #225-D: the format string ends before this argument
Target not created
Build target 'Target 1'
compiling main.c...
linking...
Program Size: Code=10668 RO-data=336 RW-data=72 ZI-data=2768  
FromELF: creating hex file...
"..\Hex\stm32.axf" - 0 Error(s), 0 Warning(s).
Rebuild target 'Target 1'
compiling main.c...
compiling stm32_it.c...
compiling delay.c...
compiling gps.c...
compiling usart2.c...
compiling usart1.c...
..\code\usart1.c(134): warning:  #223-D: function "sprintf" declared implicitly
compiling core_cm3.c...
compiling system_stm32f10x.c...
compiling misc.c...
compiling stm32f10x_adc.c...
compiling stm32f10x_bkp.c...
compiling stm32f10x_can.c...
compiling stm32f10x_cec.c...
compiling stm32f10x_crc.c...
compiling stm32f10x_dac.c...
compiling stm32f10x_dbgmcu.c...
compiling stm32f10x_dma.c...
compiling stm32f10x_exti.c...
compiling stm32f10x_flash.c...
compiling stm32f10x_fsmc.c...
compiling stm32f10x_gpio.c...
compiling stm32f10x_i2c.c...
compiling stm32f10x_iwdg.c...
compiling stm32f10x_pwr.c...
compiling stm32f10x_rcc.c...
compiling stm32f10x_rtc.c...
compiling stm32f10x_sdio.c...
compiling stm32f10x_spi.c...
compiling stm32f10x_tim.c...
compiling stm32f10x_usart.c...
compiling stm32f10x_wwdg.c...
assembling startup_stm32f10x_hd.s...
linking...
Program Size: Code=10668 RO-data=336 RW-data=72 ZI-data=2768  
FromELF: creating hex file...
"..\Hex\stm32.axf" - 0 Error(s), 1 Warning(s).
Load "..\\Hex\\stm32.AXF" 
Rebuild target 'Target 1'
compiling main.c...
compiling stm32_it.c...
compiling delay.c...
compiling gps.c...
compiling usart2.c...
compiling usart1.c...
..\code\usart1.c(113): error:  #268: declaration may not appear after executable statement in block
..\code\usart1.c(113): error:  #67: expected a "}"
..\code\usart1.c(134): warning:  #223-D: function "sprintf" declared implicitly
compiling core_cm3.c...
compiling system_stm32f10x.c...
compiling misc.c...
compiling stm32f10x_adc.c...
compiling stm32f10x_bkp.c...
compiling stm32f10x_can.c...
compiling stm32f10x_cec.c...
compiling stm32f10x_crc.c...
compiling stm32f10x_dac.c...
compiling stm32f10x_dbgmcu.c...
compiling stm32f10x_dma.c...
compiling stm32f10x_exti.c...
compiling stm32f10x_flash.c...
compiling stm32f10x_fsmc.c...
compiling stm32f10x_gpio.c...
compiling stm32f10x_i2c.c...
compiling stm32f10x_iwdg.c...
compiling stm32f10x_pwr.c...
compiling stm32f10x_rcc.c...
compiling stm32f10x_rtc.c...
compiling stm32f10x_sdio.c...
compiling stm32f10x_spi.c...
compiling stm32f10x_tim.c...
compiling stm32f10x_usart.c...
compiling stm32f10x_wwdg.c...
assembling startup_stm32f10x_hd.s...
Target not created
Build target 'Target 1'
compiling usart1.c...
..\code\usart1.c(113): error:  #268: declaration may not appear after executable statement in block
..\code\usart1.c(113): error:  #67: expected a "}"
..\code\usart1.c(134): warning:  #223-D: function "sprintf" declared implicitly
Target not created
Rebuild target 'Target 1'
compiling main.c...
compiling stm32_it.c...
compiling delay.c...
compiling gps.c...
compiling usart2.c...
compiling usart1.c...
..\code\usart1.c(135): warning:  #223-D: function "sprintf" declared implicitly
compiling core_cm3.c...
compiling system_stm32f10x.c...
compiling misc.c...
compiling stm32f10x_adc.c...
compiling stm32f10x_bkp.c...
compiling stm32f10x_can.c...
compiling stm32f10x_cec.c...
compiling stm32f10x_crc.c...
compiling stm32f10x_dac.c...
compiling stm32f10x_dbgmcu.c...
compiling stm32f10x_dma.c...
compiling stm32f10x_exti.c...
compiling stm32f10x_flash.c...
compiling stm32f10x_fsmc.c...
compiling stm32f10x_gpio.c...
compiling stm32f10x_i2c.c...
compiling stm32f10x_iwdg.c...
compiling stm32f10x_pwr.c...
compiling stm32f10x_rcc.c...
compiling stm32f10x_rtc.c...
compiling stm32f10x_sdio.c...
compiling stm32f10x_spi.c...
compiling stm32f10x_tim.c...
compiling stm32f10x_usart.c...
compiling stm32f10x_wwdg.c...
assembling startup_stm32f10x_hd.s...
linking...
Program Size: Code=10680 RO-data=336 RW-data=72 ZI-data=2768  
FromELF: creating hex file...
"..\Hex\stm32.axf" - 0 Error(s), 1 Warning(s).
Load "..\\Hex\\stm32.AXF" 
Build target 'Target 1'
compiling main.c...
linking...
Program Size: Code=10680 RO-data=336 RW-data=72 ZI-data=2768  
FromELF: creating hex file...
"..\Hex\stm32.axf" - 0 Error(s), 0 Warning(s).
Rebuild target 'Target 1'
compiling main.c...
compiling stm32_it.c...
compiling delay.c...
compiling gps.c...
compiling usart2.c...
compiling usart1.c...
..\code\usart1.c(135): warning:  #223-D: function "sprintf" declared implicitly
compiling core_cm3.c...
compiling system_stm32f10x.c...
compiling misc.c...
compiling stm32f10x_adc.c...
compiling stm32f10x_bkp.c...
compiling stm32f10x_can.c...
compiling stm32f10x_cec.c...
compiling stm32f10x_crc.c...
compiling stm32f10x_dac.c...
compiling stm32f10x_dbgmcu.c...
compiling stm32f10x_dma.c...
compiling stm32f10x_exti.c...
compiling stm32f10x_flash.c...
compiling stm32f10x_fsmc.c...
compiling stm32f10x_gpio.c...
compiling stm32f10x_i2c.c...
compiling stm32f10x_iwdg.c...
compiling stm32f10x_pwr.c...
compiling stm32f10x_rcc.c...
compiling stm32f10x_rtc.c...
compiling stm32f10x_sdio.c...
compiling stm32f10x_spi.c...
compiling stm32f10x_tim.c...
compiling stm32f10x_usart.c...
compiling stm32f10x_wwdg.c...
assembling startup_stm32f10x_hd.s...
linking...
Program Size: Code=10680 RO-data=336 RW-data=72 ZI-data=2768  
FromELF: creating hex file...
"..\Hex\stm32.axf" - 0 Error(s), 1 Warning(s).
Load "..\\Hex\\stm32.AXF" 
Build target 'Target 1'
compiling main.c...
linking...
Program Size: Code=10680 RO-data=336 RW-data=72 ZI-data=2768  
FromELF: creating hex file...
"..\Hex\stm32.axf" - 0 Error(s), 0 Warning(s).
Load "..\\Hex\\stm32.AXF" 
Rebuild target 'Target 1'
compiling main.c...
..\code\main.c(57): error:  #268: declaration may not appear after executable statement in block
..\code\main.c(57): error:  #67: expected a "}"
compiling stm32_it.c...
compiling delay.c...
compiling gps.c...
compiling usart2.c...
compiling usart1.c...
..\code\usart1.c(135): warning:  #223-D: function "sprintf" declared implicitly
compiling core_cm3.c...
compiling system_stm32f10x.c...
compiling misc.c...
compiling stm32f10x_adc.c...
compiling stm32f10x_bkp.c...
compiling stm32f10x_can.c...
compiling stm32f10x_cec.c...
compiling stm32f10x_crc.c...
compiling stm32f10x_dac.c...
compiling stm32f10x_dbgmcu.c...
compiling stm32f10x_dma.c...
compiling stm32f10x_exti.c...
compiling stm32f10x_flash.c...
compiling stm32f10x_fsmc.c...
compiling stm32f10x_gpio.c...
compiling stm32f10x_i2c.c...
compiling stm32f10x_iwdg.c...
compiling stm32f10x_pwr.c...
compiling stm32f10x_rcc.c...
compiling stm32f10x_rtc.c...
compiling stm32f10x_sdio.c...
compiling stm32f10x_spi.c...
compiling stm32f10x_tim.c...
compiling stm32f10x_usart.c...
compiling stm32f10x_wwdg.c...
assembling startup_stm32f10x_hd.s...
Target not created
Build target 'Target 1'
compiling main.c...
..\code\main.c(57): error:  #268: declaration may not appear after executable statement in block
..\code\main.c(57): error:  #67: expected a "}"
Target not created
Build target 'Target 1'
compiling main.c...
linking...
Program Size: Code=10768 RO-data=336 RW-data=72 ZI-data=2768  
FromELF: creating hex file...
"..\Hex\stm32.axf" - 0 Error(s), 0 Warning(s).
Rebuild target 'Target 1'
compiling main.c...
compiling stm32_it.c...
compiling delay.c...
compiling gps.c...
compiling usart2.c...
compiling usart1.c...
..\code\usart1.c(135): warning:  #223-D: function "sprintf" declared implicitly
compiling core_cm3.c...
compiling system_stm32f10x.c...
compiling misc.c...
compiling stm32f10x_adc.c...
compiling stm32f10x_bkp.c...
compiling stm32f10x_can.c...
compiling stm32f10x_cec.c...
compiling stm32f10x_crc.c...
compiling stm32f10x_dac.c...
compiling stm32f10x_dbgmcu.c...
compiling stm32f10x_dma.c...
compiling stm32f10x_exti.c...
compiling stm32f10x_flash.c...
compiling stm32f10x_fsmc.c...
compiling stm32f10x_gpio.c...
compiling stm32f10x_i2c.c...
compiling stm32f10x_iwdg.c...
compiling stm32f10x_pwr.c...
compiling stm32f10x_rcc.c...
compiling stm32f10x_rtc.c...
compiling stm32f10x_sdio.c...
compiling stm32f10x_spi.c...
compiling stm32f10x_tim.c...
compiling stm32f10x_usart.c...
compiling stm32f10x_wwdg.c...
assembling startup_stm32f10x_hd.s...
linking...
Program Size: Code=10768 RO-data=336 RW-data=72 ZI-data=2768  
FromELF: creating hex file...
"..\Hex\stm32.axf" - 0 Error(s), 1 Warning(s).
Load "..\\Hex\\stm32.AXF" 
Rebuild target 'Target 1'
compiling main.c...
compiling stm32_it.c...
compiling delay.c...
compiling gps.c...
compiling usart2.c...
compiling usart1.c...
..\code\usart1.c(135): warning:  #223-D: function "sprintf" declared implicitly
compiling core_cm3.c...
compiling system_stm32f10x.c...
compiling misc.c...
compiling stm32f10x_adc.c...
compiling stm32f10x_bkp.c...
compiling stm32f10x_can.c...
compiling stm32f10x_cec.c...
compiling stm32f10x_crc.c...
compiling stm32f10x_dac.c...
compiling stm32f10x_dbgmcu.c...
compiling stm32f10x_dma.c...
compiling stm32f10x_exti.c...
compiling stm32f10x_flash.c...
compiling stm32f10x_fsmc.c...
compiling stm32f10x_gpio.c...
compiling stm32f10x_i2c.c...
compiling stm32f10x_iwdg.c...
compiling stm32f10x_pwr.c...
compiling stm32f10x_rcc.c...
compiling stm32f10x_rtc.c...
compiling stm32f10x_sdio.c...
compiling stm32f10x_spi.c...
compiling stm32f10x_tim.c...
compiling stm32f10x_usart.c...
compiling stm32f10x_wwdg.c...
assembling startup_stm32f10x_hd.s...
linking...
Program Size: Code=10768 RO-data=336 RW-data=72 ZI-data=2768  
FromELF: creating hex file...
"..\Hex\stm32.axf" - 0 Error(s), 1 Warning(s).
Load "..\\Hex\\stm32.AXF" 
Rebuild target 'Target 1'
compiling main.c...
compiling stm32_it.c...
compiling delay.c...
compiling gps.c...
compiling usart2.c...
compiling usart1.c...
..\code\usart1.c(135): warning:  #223-D: function "sprintf" declared implicitly
compiling core_cm3.c...
compiling system_stm32f10x.c...
compiling misc.c...
compiling stm32f10x_adc.c...
compiling stm32f10x_bkp.c...
compiling stm32f10x_can.c...
compiling stm32f10x_cec.c...
compiling stm32f10x_crc.c...
compiling stm32f10x_dac.c...
compiling stm32f10x_dbgmcu.c...
compiling stm32f10x_dma.c...
compiling stm32f10x_exti.c...
compiling stm32f10x_flash.c...
compiling stm32f10x_fsmc.c...
compiling stm32f10x_gpio.c...
compiling stm32f10x_i2c.c...
compiling stm32f10x_iwdg.c...
compiling stm32f10x_pwr.c...
compiling stm32f10x_rcc.c...
compiling stm32f10x_rtc.c...
compiling stm32f10x_sdio.c...
compiling stm32f10x_spi.c...
compiling stm32f10x_tim.c...
compiling stm32f10x_usart.c...
compiling stm32f10x_wwdg.c...
assembling startup_stm32f10x_hd.s...
linking...
Program Size: Code=10764 RO-data=336 RW-data=72 ZI-data=2768  
FromELF: creating hex file...
"..\Hex\stm32.axf" - 0 Error(s), 1 Warning(s).
Load "..\\Hex\\stm32.AXF" 
compiling main.c...
..\code\main.c - 0 Error(s), 0 Warning(s).
Rebuild target 'Target 1'
compiling main.c...
compiling stm32_it.c...
compiling delay.c...
compiling gps.c...
compiling usart2.c...
compiling usart1.c...
..\code\usart1.c(135): warning:  #223-D: function "sprintf" declared implicitly
compiling core_cm3.c...
compiling system_stm32f10x.c...
compiling misc.c...
compiling stm32f10x_adc.c...
compiling stm32f10x_bkp.c...
compiling stm32f10x_can.c...
compiling stm32f10x_cec.c...
compiling stm32f10x_crc.c...
compiling stm32f10x_dac.c...
compiling stm32f10x_dbgmcu.c...
compiling stm32f10x_dma.c...
compiling stm32f10x_exti.c...
compiling stm32f10x_flash.c...
compiling stm32f10x_fsmc.c...
compiling stm32f10x_gpio.c...
compiling stm32f10x_i2c.c...
compiling stm32f10x_iwdg.c...
compiling stm32f10x_pwr.c...
compiling stm32f10x_rcc.c...
compiling stm32f10x_rtc.c...
compiling stm32f10x_sdio.c...
compiling stm32f10x_spi.c...
compiling stm32f10x_tim.c...
compiling stm32f10x_usart.c...
compiling stm32f10x_wwdg.c...
assembling startup_stm32f10x_hd.s...
linking...
Program Size: Code=10764 RO-data=336 RW-data=72 ZI-data=2768  
FromELF: creating hex file...
"..\Hex\stm32.axf" - 0 Error(s), 1 Warning(s).
Rebuild target 'Target 1'
compiling main.c...
compiling stm32_it.c...
compiling delay.c...
compiling gps.c...
compiling usart2.c...
compiling usart1.c...
..\code\usart1.c(135): warning:  #223-D: function "sprintf" declared implicitly
compiling core_cm3.c...
compiling system_stm32f10x.c...
compiling misc.c...
compiling stm32f10x_adc.c...
compiling stm32f10x_bkp.c...
compiling stm32f10x_can.c...
compiling stm32f10x_cec.c...
compiling stm32f10x_crc.c...
compiling stm32f10x_dac.c...
compiling stm32f10x_dbgmcu.c...
compiling stm32f10x_dma.c...
compiling stm32f10x_exti.c...
compiling stm32f10x_flash.c...
compiling stm32f10x_fsmc.c...
compiling stm32f10x_gpio.c...
compiling stm32f10x_i2c.c...
compiling stm32f10x_iwdg.c...
compiling stm32f10x_pwr.c...
compiling stm32f10x_rcc.c...
compiling stm32f10x_rtc.c...
compiling stm32f10x_sdio.c...
compiling stm32f10x_spi.c...
compiling stm32f10x_tim.c...
compiling stm32f10x_usart.c...
compiling stm32f10x_wwdg.c...
assembling startup_stm32f10x_hd.s...
linking...
Program Size: Code=10680 RO-data=336 RW-data=72 ZI-data=2768  
FromELF: creating hex file...
"..\Hex\stm32.axf" - 0 Error(s), 1 Warning(s).
Rebuild target 'Target 1'
compiling main.c...
..\code\main.c(45): error:  #137: expression must be a modifiable lvalue
compiling stm32_it.c...
compiling delay.c...
compiling gps.c...
compiling usart2.c...
compiling usart1.c...
..\code\usart1.c(135): warning:  #223-D: function "sprintf" declared implicitly
compiling core_cm3.c...
compiling system_stm32f10x.c...
compiling misc.c...
compiling stm32f10x_adc.c...
compiling stm32f10x_bkp.c...
compiling stm32f10x_can.c...
compiling stm32f10x_cec.c...
compiling stm32f10x_crc.c...
compiling stm32f10x_dac.c...
compiling stm32f10x_dbgmcu.c...
compiling stm32f10x_dma.c...
compiling stm32f10x_exti.c...
compiling stm32f10x_flash.c...
compiling stm32f10x_fsmc.c...
compiling stm32f10x_gpio.c...
compiling stm32f10x_i2c.c...
compiling stm32f10x_iwdg.c...
compiling stm32f10x_pwr.c...
compiling stm32f10x_rcc.c...
compiling stm32f10x_rtc.c...
compiling stm32f10x_sdio.c...
compiling stm32f10x_spi.c...
compiling stm32f10x_tim.c...
compiling stm32f10x_usart.c...
compiling stm32f10x_wwdg.c...
assembling startup_stm32f10x_hd.s...
Target not created
Build target 'Target 1'
compiling main.c...
..\code\main.c(45): error:  #137: expression must be a modifiable lvalue
Target not created
Build target 'Target 1'
compiling main.c...
linking...
Program Size: Code=10680 RO-data=336 RW-data=72 ZI-data=2768  
FromELF: creating hex file...
"..\Hex\stm32.axf" - 0 Error(s), 0 Warning(s).
Load "..\\Hex\\stm32.AXF" 
Rebuild target 'Target 1'
compiling main.c...
..\code\gps.h(44): error:  #84: invalid combination of type specifiers
compiling stm32_it.c...
compiling delay.c...
compiling gps.c...
..\code\gps.h(44): error:  #84: invalid combination of type specifiers
..\code\gps.c(73): error:  #20: identifier "seg_time" is undefined
..\code\gps.c(63): warning:  #177-D: variable "seg_times" was declared but never referenced
..\code\gps.c(140): warning:  #550-D: variable "address_buf" was set but never used
..\code\gps.c(140): warning:  #177-D: variable "end_buf" was declared but never referenced
..\code\gps.c(140): warning:  #177-D: variable "decimal_places" was declared but never referenced
..\code\gps.c(141): warning:  #177-D: variable "temp" was declared but never referenced
..\code\gps.c(142): warning:  #177-D: variable "rs" was declared but never referenced
compiling usart2.c...
compiling usart1.c...
..\code\usart1.c(135): warning:  #223-D: function "sprintf" declared implicitly
compiling core_cm3.c...
compiling system_stm32f10x.c...
compiling misc.c...
compiling stm32f10x_adc.c...
compiling stm32f10x_bkp.c...
compiling stm32f10x_can.c...
compiling stm32f10x_cec.c...
compiling stm32f10x_crc.c...
compiling stm32f10x_dac.c...
compiling stm32f10x_dbgmcu.c...
compiling stm32f10x_dma.c...
compiling stm32f10x_exti.c...
compiling stm32f10x_flash.c...
compiling stm32f10x_fsmc.c...
compiling stm32f10x_gpio.c...
compiling stm32f10x_i2c.c...
compiling stm32f10x_iwdg.c...
compiling stm32f10x_pwr.c...
compiling stm32f10x_rcc.c...
compiling stm32f10x_rtc.c...
compiling stm32f10x_sdio.c...
compiling stm32f10x_spi.c...
compiling stm32f10x_tim.c...
compiling stm32f10x_usart.c...
compiling stm32f10x_wwdg.c...
assembling startup_stm32f10x_hd.s...
Target not created
Build target 'Target 1'
compiling main.c...
..\code\gps.h(44): error:  #84: invalid combination of type specifiers
compiling gps.c...
..\code\gps.h(44): error:  #84: invalid combination of type specifiers
..\code\gps.c(73): error:  #20: identifier "seg_time" is undefined
..\code\gps.c(63): warning:  #177-D: variable "seg_times" was declared but never referenced
..\code\gps.c(140): warning:  #550-D: variable "address_buf" was set but never used
..\code\gps.c(140): warning:  #177-D: variable "end_buf" was declared but never referenced
..\code\gps.c(140): warning:  #177-D: variable "decimal_places" was declared but never referenced
..\code\gps.c(141): warning:  #177-D: variable "temp" was declared but never referenced
..\code\gps.c(142): warning:  #177-D: variable "rs" was declared but never referenced
Target not created
Build target 'Target 1'
compiling main.c...
..\code\gps.h(44): error:  #84: invalid combination of type specifiers
compiling gps.c...
..\code\gps.h(44): error:  #84: invalid combination of type specifiers
..\code\gps.c(140): warning:  #550-D: variable "address_buf" was set but never used
..\code\gps.c(140): warning:  #177-D: variable "end_buf" was declared but never referenced
..\code\gps.c(140): warning:  #177-D: variable "decimal_places" was declared but never referenced
..\code\gps.c(141): warning:  #177-D: variable "temp" was declared but never referenced
..\code\gps.c(142): warning:  #177-D: variable "rs" was declared but never referenced
Target not created
Build target 'Target 1'
compiling main.c...
compiling gps.c...
..\code\gps.c(140): warning:  #550-D: variable "address_buf" was set but never used
..\code\gps.c(140): warning:  #177-D: variable "end_buf" was declared but never referenced
..\code\gps.c(140): warning:  #177-D: variable "decimal_places" was declared but never referenced
..\code\gps.c(141): warning:  #177-D: variable "temp" was declared but never referenced
..\code\gps.c(142): warning:  #177-D: variable "rs" was declared but never referenced
linking...
Program Size: Code=10960 RO-data=336 RW-data=72 ZI-data=2912  
FromELF: creating hex file...
"..\Hex\stm32.axf" - 0 Error(s), 5 Warning(s).
Build target 'Target 1'
compiling main.c...
compiling gps.c...
..\code\gps.c(141): warning:  #550-D: variable "address_buf" was set but never used
..\code\gps.c(141): warning:  #177-D: variable "end_buf" was declared but never referenced
..\code\gps.c(141): warning:  #177-D: variable "decimal_places" was declared but never referenced
..\code\gps.c(142): warning:  #177-D: variable "temp" was declared but never referenced
..\code\gps.c(143): warning:  #177-D: variable "rs" was declared but never referenced
linking...
Program Size: Code=10976 RO-data=336 RW-data=72 ZI-data=2920  
FromELF: creating hex file...
"..\Hex\stm32.axf" - 0 Error(s), 5 Warning(s).
Build target 'Target 1'
compiling main.c...
..\code\main.c(48): error:  #136: struct "<unnamed>" has no field "r_longtude"
..\code\main.c(34): warning:  #550-D: variable "la" was set but never used
..\code\main.c(34): warning:  #550-D: variable "lo" was set but never used
Target not created
Build target 'Target 1'
compiling main.c...
..\code\main.c(34): warning:  #550-D: variable "la" was set but never used
..\code\main.c(34): warning:  #550-D: variable "lo" was set but never used
linking...
Program Size: Code=7576 RO-data=336 RW-data=72 ZI-data=2920  
FromELF: creating hex file...
"..\Hex\stm32.axf" - 0 Error(s), 2 Warning(s).
Load "..\\Hex\\stm32.AXF" 
Build target 'Target 1'
compiling gps.c...
..\code\gps.c(141): warning:  #550-D: variable "address_buf" was set but never used
..\code\gps.c(141): warning:  #177-D: variable "end_buf" was declared but never referenced
..\code\gps.c(141): warning:  #177-D: variable "decimal_places" was declared but never referenced
..\code\gps.c(142): warning:  #177-D: variable "temp" was declared but never referenced
..\code\gps.c(143): warning:  #177-D: variable "rs" was declared but never referenced
linking...
Program Size: Code=7576 RO-data=336 RW-data=72 ZI-data=2920  
FromELF: creating hex file...
"..\Hex\stm32.axf" - 0 Error(s), 5 Warning(s).
Load "..\\Hex\\stm32.AXF" 
Build target 'Target 1'
compiling gps.c...
..\code\gps.c(141): warning:  #550-D: variable "address_buf" was set but never used
..\code\gps.c(141): warning:  #177-D: variable "end_buf" was declared but never referenced
..\code\gps.c(141): warning:  #177-D: variable "decimal_places" was declared but never referenced
..\code\gps.c(142): warning:  #177-D: variable "temp" was declared but never referenced
..\code\gps.c(143): warning:  #177-D: variable "rs" was declared but never referenced
linking...
Program Size: Code=7580 RO-data=336 RW-data=72 ZI-data=2920  
FromELF: creating hex file...
"..\Hex\stm32.axf" - 0 Error(s), 5 Warning(s).
Load "..\\Hex\\stm32.AXF" 
Rebuild target 'Target 1'
compiling main.c...
compiling stm32_it.c...
compiling delay.c...
compiling gps.c...
..\code\gps.c(141): warning:  #550-D: variable "address_buf" was set but never used
..\code\gps.c(141): warning:  #177-D: variable "end_buf" was declared but never referenced
..\code\gps.c(141): warning:  #177-D: variable "decimal_places" was declared but never referenced
..\code\gps.c(142): warning:  #177-D: variable "temp" was declared but never referenced
..\code\gps.c(143): warning:  #177-D: variable "rs" was declared but never referenced
compiling usart2.c...
compiling usart1.c...
..\code\usart1.c(135): warning:  #223-D: function "sprintf" declared implicitly
compiling core_cm3.c...
compiling system_stm32f10x.c...
compiling misc.c...
compiling stm32f10x_adc.c...
compiling stm32f10x_bkp.c...
compiling stm32f10x_can.c...
compiling stm32f10x_cec.c...
compiling stm32f10x_crc.c...
compiling stm32f10x_dac.c...
compiling stm32f10x_dbgmcu.c...
compiling stm32f10x_dma.c...
compiling stm32f10x_exti.c...
compiling stm32f10x_flash.c...
compiling stm32f10x_fsmc.c...
compiling stm32f10x_gpio.c...
compiling stm32f10x_i2c.c...
compiling stm32f10x_iwdg.c...
compiling stm32f10x_pwr.c...
compiling stm32f10x_rcc.c...
compiling stm32f10x_rtc.c...
compiling stm32f10x_sdio.c...
compiling stm32f10x_spi.c...
compiling stm32f10x_tim.c...
compiling stm32f10x_usart.c...
compiling stm32f10x_wwdg.c...
assembling startup_stm32f10x_hd.s...
linking...
Program Size: Code=11036 RO-data=336 RW-data=72 ZI-data=2920  
FromELF: creating hex file...
"..\Hex\stm32.axf" - 0 Error(s), 6 Warning(s).
Load "..\\Hex\\stm32.AXF" 
Rebuild target 'Target 1'
compiling main.c...
compiling stm32_it.c...
compiling delay.c...
compiling gps.c...
..\code\gps.c(141): warning:  #550-D: variable "address_buf" was set but never used
..\code\gps.c(141): warning:  #177-D: variable "end_buf" was declared but never referenced
..\code\gps.c(141): warning:  #177-D: variable "decimal_places" was declared but never referenced
..\code\gps.c(142): warning:  #177-D: variable "temp" was declared but never referenced
..\code\gps.c(143): warning:  #177-D: variable "rs" was declared but never referenced
compiling usart2.c...
compiling usart1.c...
..\code\usart1.c(135): warning:  #223-D: function "sprintf" declared implicitly
compiling core_cm3.c...
compiling system_stm32f10x.c...
compiling misc.c...
compiling stm32f10x_adc.c...
compiling stm32f10x_bkp.c...
compiling stm32f10x_can.c...
compiling stm32f10x_cec.c...
compiling stm32f10x_crc.c...
compiling stm32f10x_dac.c...
compiling stm32f10x_dbgmcu.c...
compiling stm32f10x_dma.c...
compiling stm32f10x_exti.c...
compiling stm32f10x_flash.c...
compiling stm32f10x_fsmc.c...
compiling stm32f10x_gpio.c...
compiling stm32f10x_i2c.c...
compiling stm32f10x_iwdg.c...
compiling stm32f10x_pwr.c...
compiling stm32f10x_rcc.c...
compiling stm32f10x_rtc.c...
compiling stm32f10x_sdio.c...
compiling stm32f10x_spi.c...
compiling stm32f10x_tim.c...
compiling stm32f10x_usart.c...
compiling stm32f10x_wwdg.c...
assembling startup_stm32f10x_hd.s...
linking...
Program Size: Code=11036 RO-data=336 RW-data=72 ZI-data=2920  
FromELF: creating hex file...
"..\Hex\stm32.axf" - 0 Error(s), 6 Warning(s).
Load "..\\Hex\\stm32.AXF" 
Build target 'Target 1'
compiling main.c...
linking...
Program Size: Code=10984 RO-data=336 RW-data=72 ZI-data=2920  
FromELF: creating hex file...
"..\Hex\stm32.axf" - 0 Error(s), 0 Warning(s).
Load "..\\Hex\\stm32.AXF" 
Build target 'Target 1'
compiling main.c...
compiling usart1.c...
..\code\usart1.c(135): warning:  #223-D: function "sprintf" declared implicitly
linking...
Program Size: Code=11036 RO-data=336 RW-data=72 ZI-data=2920  
FromELF: creating hex file...
"..\Hex\stm32.axf" - 0 Error(s), 1 Warning(s).
Load "..\\Hex\\stm32.AXF" 
Build target 'Target 1'
compiling main.c...
compiling gps.c...
..\code\gps.c(144): warning:  #550-D: variable "address_buf" was set but never used
..\code\gps.c(144): warning:  #177-D: variable "end_buf" was declared but never referenced
..\code\gps.c(144): warning:  #177-D: variable "decimal_places" was declared but never referenced
..\code\gps.c(145): warning:  #177-D: variable "temp" was declared but never referenced
..\code\gps.c(146): warning:  #177-D: variable "rs" was declared but never referenced
linking...
Program Size: Code=11060 RO-data=336 RW-data=72 ZI-data=2920  
FromELF: creating hex file...
"..\Hex\stm32.axf" - 0 Error(s), 5 Warning(s).
Load "..\\Hex\\stm32.AXF" 
Build target 'Target 1'
compiling gps.c...
..\code\gps.c(144): warning:  #550-D: variable "address_buf" was set but never used
..\code\gps.c(144): warning:  #177-D: variable "end_buf" was declared but never referenced
..\code\gps.c(144): warning:  #177-D: variable "decimal_places" was declared but never referenced
..\code\gps.c(145): warning:  #177-D: variable "temp" was declared but never referenced
..\code\gps.c(146): warning:  #177-D: variable "rs" was declared but never referenced
linking...
Program Size: Code=11060 RO-data=336 RW-data=72 ZI-data=2920  
FromELF: creating hex file...
"..\Hex\stm32.axf" - 0 Error(s), 5 Warning(s).
Load "..\\Hex\\stm32.AXF" 
Build target 'Target 1'
compiling gps.c...
..\code\gps.c(144): warning:  #550-D: variable "address_buf" was set but never used
..\code\gps.c(144): warning:  #177-D: variable "end_buf" was declared but never referenced
..\code\gps.c(144): warning:  #177-D: variable "decimal_places" was declared but never referenced
..\code\gps.c(145): warning:  #177-D: variable "temp" was declared but never referenced
..\code\gps.c(146): warning:  #177-D: variable "rs" was declared but never referenced
linking...
Program Size: Code=11064 RO-data=336 RW-data=72 ZI-data=2920  
FromELF: creating hex file...
"..\Hex\stm32.axf" - 0 Error(s), 5 Warning(s).
Load "..\\Hex\\stm32.AXF" 
Build target 'Target 1'
compiling gps.c...
..\code\gps.c(73): error:  #29: expected an expression
..\code\gps.c(144): warning:  #550-D: variable "address_buf" was set but never used
..\code\gps.c(144): warning:  #177-D: variable "end_buf" was declared but never referenced
..\code\gps.c(144): warning:  #177-D: variable "decimal_places" was declared but never referenced
..\code\gps.c(145): warning:  #177-D: variable "temp" was declared but never referenced
..\code\gps.c(146): warning:  #177-D: variable "rs" was declared but never referenced
Target not created
Build target 'Target 1'
compiling gps.c...
..\code\gps.c(144): warning:  #550-D: variable "address_buf" was set but never used
..\code\gps.c(144): warning:  #177-D: variable "end_buf" was declared but never referenced
..\code\gps.c(144): warning:  #177-D: variable "decimal_places" was declared but never referenced
..\code\gps.c(145): warning:  #177-D: variable "temp" was declared but never referenced
..\code\gps.c(146): warning:  #177-D: variable "rs" was declared but never referenced
linking...
Program Size: Code=11068 RO-data=336 RW-data=72 ZI-data=2920  
FromELF: creating hex file...
"..\Hex\stm32.axf" - 0 Error(s), 5 Warning(s).
Load "..\\Hex\\stm32.AXF" 
Build target 'Target 1'
compiling main.c...
compiling gps.c...
..\code\gps.c(73): error:  #7: unrecognized token
..\code\gps.c(73): error:  #29: expected an expression
..\code\gps.c(115): warning:  #12-D: parsing restarts here after previous syntax error
..\code\gps.c(61): warning:  #550-D: variable "add" was set but never used
..\code\gps.c(63): warning:  #177-D: variable "seg_time" was declared but never referenced
..\code\gps.c(64): warning:  #177-D: variable "seg_num" was declared but never referenced
..\code\gps.c(65): warning:  #177-D: variable "i" was declared but never referenced
..\code\gps.c(66): warning:  #177-D: variable "j" was declared but never referenced
..\code\gps.c(145): warning:  #550-D: variable "address_buf" was set but never used
..\code\gps.c(145): warning:  #177-D: variable "end_buf" was declared but never referenced
..\code\gps.c(145): warning:  #177-D: variable "decimal_places" was declared but never referenced
..\code\gps.c(146): warning:  #177-D: variable "temp" was declared but never referenced
..\code\gps.c(147): warning:  #177-D: variable "rs" was declared but never referenced
Target not created
Build target 'Target 1'
compiling gps.c...
..\code\gps.c(73): error:  #7: unrecognized token
..\code\gps.c(73): error:  #29: expected an expression
..\code\gps.c(115): warning:  #12-D: parsing restarts here after previous syntax error
..\code\gps.c(61): warning:  #550-D: variable "add" was set but never used
..\code\gps.c(63): warning:  #177-D: variable "seg_time" was declared but never referenced
..\code\gps.c(64): warning:  #177-D: variable "seg_num" was declared but never referenced
..\code\gps.c(65): warning:  #177-D: variable "i" was declared but never referenced
..\code\gps.c(66): warning:  #177-D: variable "j" was declared but never referenced
..\code\gps.c(145): warning:  #550-D: variable "address_buf" was set but never used
..\code\gps.c(145): warning:  #177-D: variable "end_buf" was declared but never referenced
..\code\gps.c(145): warning:  #177-D: variable "decimal_places" was declared but never referenced
..\code\gps.c(146): warning:  #177-D: variable "temp" was declared but never referenced
..\code\gps.c(147): warning:  #177-D: variable "rs" was declared but never referenced
Target not created
Build target 'Target 1'
compiling gps.c...
..\code\gps.c(73): error:  #7: unrecognized token
..\code\gps.c(73): error:  #29: expected an expression
..\code\gps.c(104): warning:  #12-D: parsing restarts here after previous syntax error
..\code\gps.c(61): warning:  #550-D: variable "add" was set but never used
..\code\gps.c(61): warning:  #177-D: variable "end_buf" was declared but never referenced
..\code\gps.c(61): warning:  #177-D: variable "decimal_places" was declared but never referenced
..\code\gps.c(62): warning:  #177-D: variable "temp" was declared but never referenced
..\code\gps.c(63): warning:  #177-D: variable "seg_time" was declared but never referenced
..\code\gps.c(64): warning:  #177-D: variable "seg_num" was declared but never referenced
..\code\gps.c(65): warning:  #177-D: variable "i" was declared but never referenced
..\code\gps.c(66): warning:  #177-D: variable "j" was declared but never referenced
..\code\gps.c(67): warning:  #177-D: variable "rs" was declared but never referenced
..\code\gps.c(106): error:  #77-D: this declaration has no storage class or type specifier
..\code\gps.c(106): error:  #65: expected a ";"
..\code\gps.c(107): error:  #169: expected a declaration
..\code\gps.c(115): error:  #77-D: this declaration has no storage class or type specifier
..\code\gps.c(115): error:  #59: function call is not allowed in a constant expression
..\code\gps.c(115): error:  #20: identifier "address_buf" is undefined
..\code\gps.c(116): error:  #169: expected a declaration
..\code\gps.c(125): warning:  #12-D: parsing restarts here after previous syntax error
..\code\gps.c(126): error:  #169: expected a declaration
..\code\gps.c(130): error:  #77-D: this declaration has no storage class or type specifier
..\code\gps.c(130): error:  #148: variable "end_buf" has already been initialized
..\code\gps.c(130): error:  #59: function call is not allowed in a constant expression
..\code\gps.c(131): error:  #169: expected a declaration
..\code\gps.c(139): warning:  #12-D: parsing restarts here after previous syntax error
..\code\gps.c(140): error:  #169: expected a declaration
..\code\gps.c(142): error:  #169: expected a declaration
..\code\gps.c(227): warning:  #12-D: parsing restarts here after previous syntax error
..\code\gps.c(228): error:  #169: expected a declaration
..\code\gps.c(231): error:  #77-D: this declaration has no storage class or type specifier
..\code\gps.c(231): error:  #65: expected a ";"
..\code\gps.c(232): error:  #169: expected a declaration
..\code\gps.c(235): warning:  #12-D: parsing restarts here after previous syntax error
..\code\gps.c(236): error:  #169: expected a declaration
..\code\gps.c(242): warning:  #12-D: parsing restarts here after previous syntax error
..\code\gps.c(244): error:  #77-D: this declaration has no storage class or type specifier
..\code\gps.c(244): error:  #20: identifier "address_decimal_places" is undefined
..\code\gps.c(246): error:  #169: expected a declaration
..\code\gps.c(251): warning:  #12-D: parsing restarts here after previous syntax error
..\code\gps.c(253): error:  #169: expected a declaration
..\code\gps.c(256): error:  #169: expected a declaration
..\code\gps.c(257): error:  #169: expected a declaration
Target not created
Build target 'Target 1'
compiling gps.c...
..\code\gps.c(73): error:  #7: unrecognized token
..\code\gps.c(73): error:  #29: expected an expression
..\code\gps.c(104): warning:  #12-D: parsing restarts here after previous syntax error
..\code\gps.c(61): warning:  #550-D: variable "add" was set but never used
..\code\gps.c(61): warning:  #177-D: variable "end_buf" was declared but never referenced
..\code\gps.c(61): warning:  #177-D: variable "decimal_places" was declared but never referenced
..\code\gps.c(62): warning:  #177-D: variable "temp" was declared but never referenced
..\code\gps.c(63): warning:  #177-D: variable "seg_time" was declared but never referenced
..\code\gps.c(64): warning:  #177-D: variable "seg_num" was declared but never referenced
..\code\gps.c(65): warning:  #177-D: variable "i" was declared but never referenced
..\code\gps.c(66): warning:  #177-D: variable "j" was declared but never referenced
..\code\gps.c(67): warning:  #177-D: variable "rs" was declared but never referenced
..\code\gps.c(106): error:  #77-D: this declaration has no storage class or type specifier
..\code\gps.c(106): error:  #65: expected a ";"
..\code\gps.c(107): error:  #169: expected a declaration
..\code\gps.c(114): error:  #77-D: this declaration has no storage class or type specifier
..\code\gps.c(114): error:  #59: function call is not allowed in a constant expression
..\code\gps.c(114): error:  #20: identifier "address_buf" is undefined
..\code\gps.c(115): error:  #169: expected a declaration
..\code\gps.c(124): warning:  #12-D: parsing restarts here after previous syntax error
..\code\gps.c(125): error:  #169: expected a declaration
..\code\gps.c(129): error:  #77-D: this declaration has no storage class or type specifier
..\code\gps.c(129): error:  #148: variable "end_buf" has already been initialized
..\code\gps.c(129): error:  #59: function call is not allowed in a constant expression
..\code\gps.c(130): error:  #169: expected a declaration
..\code\gps.c(138): warning:  #12-D: parsing restarts here after previous syntax error
..\code\gps.c(139): error:  #169: expected a declaration
..\code\gps.c(141): error:  #169: expected a declaration
..\code\gps.c(226): warning:  #12-D: parsing restarts here after previous syntax error
..\code\gps.c(227): error:  #169: expected a declaration
..\code\gps.c(230): error:  #77-D: this declaration has no storage class or type specifier
..\code\gps.c(230): error:  #65: expected a ";"
..\code\gps.c(231): error:  #169: expected a declaration
..\code\gps.c(234): warning:  #12-D: parsing restarts here after previous syntax error
..\code\gps.c(235): error:  #169: expected a declaration
..\code\gps.c(241): warning:  #12-D: parsing restarts here after previous syntax error
..\code\gps.c(243): error:  #77-D: this declaration has no storage class or type specifier
..\code\gps.c(243): error:  #20: identifier "address_decimal_places" is undefined
..\code\gps.c(245): error:  #169: expected a declaration
..\code\gps.c(250): warning:  #12-D: parsing restarts here after previous syntax error
..\code\gps.c(252): error:  #169: expected a declaration
..\code\gps.c(255): error:  #169: expected a declaration
..\code\gps.c(256): error:  #169: expected a declaration
Target not created
Build target 'Target 1'
compiling gps.c...
..\code\gps.c(144): warning:  #550-D: variable "address_buf" was set but never used
..\code\gps.c(144): warning:  #177-D: variable "end_buf" was declared but never referenced
..\code\gps.c(144): warning:  #177-D: variable "decimal_places" was declared but never referenced
..\code\gps.c(145): warning:  #177-D: variable "temp" was declared but never referenced
..\code\gps.c(146): warning:  #177-D: variable "rs" was declared but never referenced
linking...
Program Size: Code=11064 RO-data=336 RW-data=72 ZI-data=2920  
FromELF: creating hex file...
"..\Hex\stm32.axf" - 0 Error(s), 5 Warning(s).
Build target 'Target 1'
compiling gps.c...
..\code\gps.c(144): warning:  #550-D: variable "address_buf" was set but never used
..\code\gps.c(144): warning:  #177-D: variable "end_buf" was declared but never referenced
..\code\gps.c(144): warning:  #177-D: variable "decimal_places" was declared but never referenced
..\code\gps.c(145): warning:  #177-D: variable "temp" was declared but never referenced
..\code\gps.c(146): warning:  #177-D: variable "rs" was declared but never referenced
linking...
Program Size: Code=11068 RO-data=336 RW-data=72 ZI-data=2920  
FromELF: creating hex file...
"..\Hex\stm32.axf" - 0 Error(s), 5 Warning(s).
Build target 'Target 1'
compiling main.c...
compiling usart2.c...
linking...
Program Size: Code=11080 RO-data=336 RW-data=72 ZI-data=2920  
FromELF: creating hex file...
"..\Hex\stm32.axf" - 0 Error(s), 0 Warning(s).
Load "..\\Hex\\stm32.AXF" 
Build target 'Target 1'
compiling main.c...
linking...
Program Size: Code=11088 RO-data=336 RW-data=72 ZI-data=2920  
FromELF: creating hex file...
"..\Hex\stm32.axf" - 0 Error(s), 0 Warning(s).
Load "..\\Hex\\stm32.AXF" 
Rebuild target 'Target 1'
compiling main.c...
compiling stm32_it.c...
compiling delay.c...
compiling gps.c...
..\code\gps.c(144): warning:  #550-D: variable "address_buf" was set but never used
..\code\gps.c(144): warning:  #177-D: variable "end_buf" was declared but never referenced
..\code\gps.c(144): warning:  #177-D: variable "decimal_places" was declared but never referenced
..\code\gps.c(145): warning:  #177-D: variable "temp" was declared but never referenced
..\code\gps.c(146): warning:  #177-D: variable "rs" was declared but never referenced
compiling usart2.c...
compiling usart1.c...
..\code\usart1.c(135): warning:  #223-D: function "sprintf" declared implicitly
compiling core_cm3.c...
compiling system_stm32f10x.c...
compiling misc.c...
compiling stm32f10x_adc.c...
compiling stm32f10x_bkp.c...
compiling stm32f10x_can.c...
compiling stm32f10x_cec.c...
compiling stm32f10x_crc.c...
compiling stm32f10x_dac.c...
compiling stm32f10x_dbgmcu.c...
compiling stm32f10x_dma.c...
compiling stm32f10x_exti.c...
compiling stm32f10x_flash.c...
compiling stm32f10x_fsmc.c...
compiling stm32f10x_gpio.c...
compiling stm32f10x_i2c.c...
compiling stm32f10x_iwdg.c...
compiling stm32f10x_pwr.c...
compiling stm32f10x_rcc.c...
compiling stm32f10x_rtc.c...
compiling stm32f10x_sdio.c...
compiling stm32f10x_spi.c...
compiling stm32f10x_tim.c...
compiling stm32f10x_usart.c...
compiling stm32f10x_wwdg.c...
assembling startup_stm32f10x_hd.s...
linking...
Program Size: Code=11088 RO-data=336 RW-data=72 ZI-data=2920  
FromELF: creating hex file...
"..\Hex\stm32.axf" - 0 Error(s), 6 Warning(s).
Load "..\\Hex\\stm32.AXF" 
compiling usart2.c...
..\code\usart2.c - 0 Error(s), 0 Warning(s).
Build target 'Target 1'
linking...
Program Size: Code=11096 RO-data=336 RW-data=72 ZI-data=2920  
FromELF: creating hex file...
"..\Hex\stm32.axf" - 0 Error(s), 0 Warning(s).
Load "..\\Hex\\stm32.AXF" 
Build target 'Target 1'
compiling main.c...
..\code\main.c(60): error:  #268: declaration may not appear after executable statement in block
..\code\main.c(60): error:  #67: expected a "}"
Target not created
Build target 'Target 1'
compiling main.c...
linking...
Program Size: Code=11184 RO-data=336 RW-data=72 ZI-data=2920  
FromELF: creating hex file...
"..\Hex\stm32.axf" - 0 Error(s), 0 Warning(s).
Build target 'Target 1'
linking...
Program Size: Code=11184 RO-data=336 RW-data=72 ZI-data=2920  
FromELF: creating hex file...
"..\Hex\stm32.axf" - 0 Error(s), 0 Warning(s).
Load "..\\Hex\\stm32.AXF" 
Build target 'Target 1'
compiling main.c...
linking...
Program Size: Code=11204 RO-data=336 RW-data=72 ZI-data=2920  
FromELF: creating hex file...
"..\Hex\stm32.axf" - 0 Error(s), 0 Warning(s).
Load "..\\Hex\\stm32.AXF" 
